D:\ALEKSANDER\DEV\Си\PERMUTATION\PERMUTATION\DEBUG\MAIN.OBJ
D:\ALEKSANDER\DEV\СИ\PERMUTATION\PERMUTATION\DEBUG\VC110.PDB
D:\ALEKSANDER\DEV\Си\PERMUTATION\PERMUTATION\DEBUG\PERMUTATIONS.OBJ
D:\ALEKSANDER\DEV\Си\PERMUTATION\DEBUG\PERMUTATION.ILK
D:\ALEKSANDER\DEV\Си\PERMUTATION\DEBUG\PERMUTATION.EXE
D:\ALEKSANDER\DEV\СИ\PERMUTATION\DEBUG\PERMUTATION.PDB
D:\Aleksander\dev\Си\Permutation\Permutation\Debug\main.obj
D:\Aleksander\dev\Си\Permutation\Permutation\Debug\permutations.obj
D:\Aleksander\dev\Си\Permutation\Permutation\Debug\cl.command.1.tlog
D:\Aleksander\dev\Си\Permutation\Permutation\Debug\CL.read.1.tlog
D:\Aleksander\dev\Си\Permutation\Permutation\Debug\CL.write.1.tlog
D:\Aleksander\dev\Си\Permutation\Permutation\Debug\link-cvtres.read.1.tlog
D:\Aleksander\dev\Си\Permutation\Permutation\Debug\link-cvtres.write.1.tlog
D:\Aleksander\dev\Си\Permutation\Permutation\Debug\link-rc.read.1.tlog
D:\Aleksander\dev\Си\Permutation\Permutation\Debug\link-rc.write.1.tlog
D:\Aleksander\dev\Си\Permutation\Permutation\Debug\link.5944-cvtres.read.1.tlog
D:\Aleksander\dev\Си\Permutation\Permutation\Debug\link.5944-cvtres.write.1.tlog
D:\Aleksander\dev\Си\Permutation\Permutation\Debug\link.5944-rc.read.1.tlog
D:\Aleksander\dev\Си\Permutation\Permutation\Debug\link.5944-rc.write.1.tlog
D:\Aleksander\dev\Си\Permutation\Permutation\Debug\link.5944.read.1.tlog
D:\Aleksander\dev\Си\Permutation\Permutation\Debug\link.5944.write.1.tlog
D:\Aleksander\dev\Си\Permutation\Permutation\Debug\link.command.1.tlog
D:\Aleksander\dev\Си\Permutation\Permutation\Debug\link.read.1.tlog
D:\Aleksander\dev\Си\Permutation\Permutation\Debug\link.write.1.tlog
D:\Aleksander\dev\Си\Permutation\Permutation\Debug\vc110.idb
D:\Aleksander\dev\Си\Permutation\Permutation\Debug\vc110.pdb
D:\Aleksander\dev\Си\Permutation\Debug\Permutation.pdb
D:\Aleksander\dev\Си\Permutation\Debug\Permutation.exe
D:\Aleksander\dev\Си\Permutation\Debug\Permutation.ilk
