Построение начато 04.06.2014 15:46:48.
     1>Проект "D:\Aleksander\dev\Си\TCPNonBlock\Server\Server\Server.vcxproj" в узле 2 (целевые объекты Build).
     1>ClCompile:
         C:\Program Files (x86)\Microsoft Visual Studio 11.0\VC\bin\CL.exe /c /ZI /nologo /W3 /WX- /Od /Oy- /D WIN32 /D _DEBUG /D _CONSOLE /Gm /EHsc /RTC1 /MDd /GS /fp:precise /Zc:wchar_t /Zc:forScope /Fo"Debug\\" /Fd"Debug\vc110.pdb" /Gd /TC /analyze- /errorReport:prompt main.c
         main.c
     1>d:\aleksander\dev\си\tcpnonblock\server\server\main.c(93): warning C4018: <: несоответствие типов со знаком и без знака
     1>d:\aleksander\dev\си\tcpnonblock\server\server\main.c(100): warning C4018: <: несоответствие типов со знаком и без знака
     1>d:\aleksander\dev\си\tcpnonblock\server\server\main.c(30): warning C4101: buff: неиспользованная локальная переменная
     1>d:\aleksander\dev\си\tcpnonblock\server\server\main.c(33): warning C4101: len: неиспользованная локальная переменная
     1>d:\aleksander\dev\си\tcpnonblock\server\server\main.c(29): warning C4101: number: неиспользованная локальная переменная
     1>d:\aleksander\dev\си\tcpnonblock\server\server\main.c(30): warning C4101: str: неиспользованная локальная переменная
     1>d:\aleksander\dev\си\tcpnonblock\server\server\main.c(156): warning C4996: 'sprintf': This function or variable may be unsafe. Consider using sprintf_s instead. To disable deprecation, use _CRT_SECURE_NO_WARNINGS. See online help for details.
                 c:\program files (x86)\microsoft visual studio 11.0\vc\include\stdio.h(357): см. объявление "sprintf"
     1>d:\aleksander\dev\си\tcpnonblock\server\server\main.c(140): warning C4101: e: неиспользованная локальная переменная
       Link:
         C:\Program Files (x86)\Microsoft Visual Studio 11.0\VC\bin\link.exe /ERRORREPORT:PROMPT /OUT:"D:\Aleksander\dev\Си\TCPNonBlock\Server\Debug\Server.exe" /INCREMENTAL /NOLOGO ws2_32.lib kernel32.lib user32.lib gdi32.lib winspool.lib comdlg32.lib advapi32.lib shell32.lib ole32.lib oleaut32.lib uuid.lib odbc32.lib odbccp32.lib kernel32.lib user32.lib gdi32.lib winspool.lib comdlg32.lib advapi32.lib shell32.lib ole32.lib oleaut32.lib uuid.lib odbc32.lib odbccp32.lib /MANIFEST /MANIFESTUAC:"level='asInvoker' uiAccess='false'" /manifest:embed /DEBUG /PDB:"D:\Aleksander\dev\Си\TCPNonBlock\Server\Debug\Server.pdb" /SUBSYSTEM:CONSOLE /TLBID:1 /DYNAMICBASE /NXCOMPAT /IMPLIB:"D:\Aleksander\dev\Си\TCPNonBlock\Server\Debug\Server.lib" /MACHINE:X86 Debug\main.obj
         Server.vcxproj -> D:\Aleksander\dev\Си\TCPNonBlock\Server\Debug\Server.exe
     1>Построение проекта "D:\Aleksander\dev\Си\TCPNonBlock\Server\Server\Server.vcxproj" завершено (целевые объекты Build).

Построение успешно завершено.

Затраченное время: 00:00:01.03
